<?xml version="1.0" encoding="UTF-8"?>
<testng-results skipped="0" failed="0" ignored="0" total="2" passed="2">
  <reporter-output>
  </reporter-output>
  <suite name="MavenJenkins Suite" duration-ms="45597" started-at="2017-02-08T04:31:34Z" finished-at="2017-02-08T04:32:19Z">
    <groups>
    </groups>
    <test name="EditCustomer Test" duration-ms="26127" started-at="2017-02-08T04:31:34Z" finished-at="2017-02-08T04:32:00Z">
      <class name="com.Mycomp.MavenJenkins.MavenJenkins.EditCustomer">
        <test-method status="PASS" signature="launchBrowser()[pri:0, instance:com.Mycomp.MavenJenkins.MavenJenkins.EditCustomer@3532ec19]" name="launchBrowser" is-config="true" duration-ms="8185" started-at="2017-02-07T23:31:34Z" finished-at="2017-02-07T23:31:42Z">
          <reporter-output>
          </reporter-output>
        </test-method> <!-- launchBrowser -->
        <test-method status="PASS" signature="customerEdit()[pri:0, instance:com.Mycomp.MavenJenkins.MavenJenkins.EditCustomer@3532ec19]" name="customerEdit" duration-ms="17889" started-at="2017-02-07T23:31:42Z" finished-at="2017-02-07T23:32:00Z">
          <reporter-output>
          </reporter-output>
        </test-method> <!-- customerEdit -->
      </class> <!-- com.Mycomp.MavenJenkins.MavenJenkins.EditCustomer -->
    </test> <!-- EditCustomer Test -->
    <test name="DeleteCustomer Test" duration-ms="19426" started-at="2017-02-08T04:32:00Z" finished-at="2017-02-08T04:32:19Z">
      <class name="com.Mycomp.MavenJenkins.MavenJenkins.DeleteCustomer">
        <test-method status="PASS" signature="launchBrowser()[pri:0, instance:com.Mycomp.MavenJenkins.MavenJenkins.DeleteCustomer@57baeedf]" name="launchBrowser" is-config="true" duration-ms="6323" started-at="2017-02-07T23:32:00Z" finished-at="2017-02-07T23:32:06Z">
          <reporter-output>
          </reporter-output>
        </test-method> <!-- launchBrowser -->
        <test-method status="PASS" signature="custDelete()[pri:0, instance:com.Mycomp.MavenJenkins.MavenJenkins.DeleteCustomer@57baeedf]" name="custDelete" duration-ms="13100" started-at="2017-02-07T23:32:06Z" finished-at="2017-02-07T23:32:19Z">
          <reporter-output>
          </reporter-output>
        </test-method> <!-- custDelete -->
      </class> <!-- com.Mycomp.MavenJenkins.MavenJenkins.DeleteCustomer -->
    </test> <!-- DeleteCustomer Test -->
  </suite> <!-- MavenJenkins Suite -->
</testng-results>
